
2017-07-27 19:28:10,959 DEBUG i2iBenimle.MainForm - hebeleelele
2017-07-27 19:28:21,072 ERROR i2iBenimle.MainForm - hebeleelele
2017-07-27 19:28:27,477 WARN i2iBenimle.MainForm - hebeleelele
2017-07-27 19:30:29,732 DEBUG i2iBenimle.MainForm - hebeleelele
2017-07-27 19:30:32,371 ERROR i2iBenimle.MainForm - hebeleelele
2017-07-27 19:30:35,159 WARN i2iBenimle.MainForm - hebeleelele
2017-07-27 19:32:16,550 DEBUG i2iBenimle.MainForm - hebeleelele
2017-07-27 19:32:20,793 ERROR i2iBenimle.MainForm - hebeleelele
2017-07-27 19:32:25,495 WARN i2iBenimle.MainForm - hebeleelele
2017-07-27 19:33:36,479 DEBUG i2iBenimle.MainForm - hebeleelele
2017-07-27 19:33:37,350 ERROR i2iBenimle.MainForm - hebeleelele
2017-07-27 19:33:38,167 WARN i2iBenimle.MainForm - hebeleelele
2017-07-27 19:38:54,551 DEBUG i2iBenimle.MainForm - hebeleelele
2017-07-27 19:38:58,814 ERROR i2iBenimle.MainForm - hebeleelele
2017-07-27 19:39:02,152 WARN i2iBenimle.MainForm - hebeleelele
2017-07-27 19:39:05,240 INFO i2iBenimle.MainForm - jndsndsaads
2017-07-28 09:38:41,492 DEBUG i2iBenimle.MainForm - hebeleelele
2017-07-28 09:38:42,113 ERROR i2iBenimle.MainForm - hebeleelele
2017-07-28 09:38:42,725 WARN i2iBenimle.MainForm - hebeleelele
2017-07-28 09:38:43,372 INFO i2iBenimle.MainForm - jndsndsaads
2017-07-28 09:39:02,656 DEBUG i2iBenimle.MainForm - hebeleelele
2017-07-28 09:39:02,669 ERROR i2iBenimle.MainForm - hebeleelele
2017-07-28 09:39:02,680 WARN i2iBenimle.MainForm - hebeleelele
2017-07-28 09:39:02,682 INFO i2iBenimle.MainForm - jndsndsaads
2017-07-28 10:05:06,807 INFO i2iBenimle.Login - web servise baðlanýyor
2017-07-28 10:05:21,461 INFO i2iBenimle.Login - web servisten responce alýndý
2017-07-28 10:05:21,468 INFO i2iBenimle.Login - ana sayfaya yönlendiriliyor ...
2017-07-28 10:07:04,826 ERROR i2iBenimle.Login - telefon numarasý/þifre boþ býrakýlamaz.
